21:40:50.919 [main] DEBUG org.springframework.boot.StartupInfoLogger - Running with Spring Boot v2.3.1.RELEASE, Spring v5.2.7.RELEASE
21:40:55.047 [main] DEBUG org.springframework.web.filter.GenericFilterBean - Filter 'jwtRequestFilter' configured for use
21:41:02.846 [http-nio-9999-exec-1] DEBUG sang.uaa.com.vn.config.interceptor.AbstractInterceptor - Start Service Method: sang.uaa.com.vn.service.impl.UserServiceImpl.loadUserByUsername() with argument[s] = [thoa]
21:41:02.913 [http-nio-9999-exec-1] DEBUG sang.uaa.com.vn.config.interceptor.AbstractInterceptor - Exit Service Method: sang.uaa.com.vn.service.impl.UserServiceImpl.loadUserByUsername() with result = sang.uaa.com.vn.entites.Authorizer@575afe06
21:41:02.954 [http-nio-9999-exec-1] DEBUG sang.uaa.com.vn.config.interceptor.AbstractInterceptor - Start Controller Method: sang.uaa.com.vn.controller.UserController.findAllUser() with argument[s] = []
21:41:02.958 [http-nio-9999-exec-1] DEBUG sang.uaa.com.vn.config.interceptor.AbstractInterceptor - Start Service Method: sang.uaa.com.vn.service.impl.UserServiceImpl.findAllUser() with argument[s] = []
21:41:03.098 [http-nio-9999-exec-1] DEBUG sang.uaa.com.vn.config.interceptor.AbstractInterceptor - Exit Service Method: sang.uaa.com.vn.service.impl.UserServiceImpl.findAllUser() with result = [UserDto(Id=7, username=thoa, password=$2a$10$5GcWQi9nyILUNXweQkbyBuFwYF4VRZh8l.TLVLWIk7O8pBYBYVmEK, roles=[RoleDto(id=10, name=ROLE_ADMIN)]), UserDto(Id=8, username=sang, password=$2a$10$nOrqw5R7MZVMSyxPd8paT.wixYaIwjFWJkS6t.nlltBD2UQvV9K56, roles=[RoleDto(id=11, name=ROLE_USER)]), UserDto(Id=9, username=sang, password=$2a$10$bPCyxHIWBuxTnkaIsc4.Y.VmkOT0Tt8cZkVYpI1Iw3LrBBTJY43H., roles=[RoleDto(id=10, name=ROLE_ADMIN)]), UserDto(Id=10, username=kimanh, password=$2a$10$jt02NyjZmHYp79Gt3ILS4Oj/HqrXpgamHL8QSnj3MqF9JK2Kn.3Aq, roles=[RoleDto(id=11, name=ROLE_USER)])]
21:41:03.105 [http-nio-9999-exec-1] DEBUG sang.uaa.com.vn.config.interceptor.AbstractInterceptor - Exit Controller Method: sang.uaa.com.vn.controller.UserController.findAllUser() with result = <200 OK OK,sang.uaa.com.vn.common.ResponJson@64ea0129,[]>
21:43:20.440 [http-nio-9999-exec-3] DEBUG sang.uaa.com.vn.config.interceptor.AbstractInterceptor - Start Service Method: sang.uaa.com.vn.service.impl.UserServiceImpl.loadUserByUsername() with argument[s] = [thoa]
21:43:20.446 [http-nio-9999-exec-3] DEBUG sang.uaa.com.vn.config.interceptor.AbstractInterceptor - Exit Service Method: sang.uaa.com.vn.service.impl.UserServiceImpl.loadUserByUsername() with result = sang.uaa.com.vn.entites.Authorizer@3594069c
21:43:20.466 [http-nio-9999-exec-3] DEBUG sang.uaa.com.vn.config.interceptor.AbstractInterceptor - Start Controller Method: sang.uaa.com.vn.controller.RoleController.getRoleById() with argument[s] = [10]
21:43:20.469 [http-nio-9999-exec-3] DEBUG sang.uaa.com.vn.config.interceptor.AbstractInterceptor - Start Service Method: sang.uaa.com.vn.service.impl.RoleServiceImpl.getRoleById() with argument[s] = [10]
21:43:20.478 [http-nio-9999-exec-3] DEBUG sang.uaa.com.vn.config.interceptor.AbstractInterceptor - Exit Service Method: sang.uaa.com.vn.service.impl.RoleServiceImpl.getRoleById() with result = RoleDto(id=10, name=ROLE_ADMIN)
21:43:20.478 [http-nio-9999-exec-3] DEBUG sang.uaa.com.vn.config.interceptor.AbstractInterceptor - Exit Controller Method: sang.uaa.com.vn.controller.RoleController.getRoleById() with result = <200 OK OK,sang.uaa.com.vn.common.ResponJson@63962cc8,[]>
21:44:04.768 [http-nio-9999-exec-4] DEBUG sang.uaa.com.vn.config.interceptor.AbstractInterceptor - Start Service Method: sang.uaa.com.vn.service.impl.UserServiceImpl.loadUserByUsername() with argument[s] = [thoa]
21:44:04.772 [http-nio-9999-exec-4] DEBUG sang.uaa.com.vn.config.interceptor.AbstractInterceptor - Exit Service Method: sang.uaa.com.vn.service.impl.UserServiceImpl.loadUserByUsername() with result = sang.uaa.com.vn.entites.Authorizer@2554609f
21:44:04.781 [http-nio-9999-exec-4] DEBUG sang.uaa.com.vn.config.interceptor.AbstractInterceptor - Start Controller Method: sang.uaa.com.vn.controller.RoleController.getRoleById() with argument[s] = [10]
21:44:04.783 [http-nio-9999-exec-4] DEBUG sang.uaa.com.vn.config.interceptor.AbstractInterceptor - Start Service Method: sang.uaa.com.vn.service.impl.RoleServiceImpl.getRoleById() with argument[s] = [10]
21:44:04.787 [http-nio-9999-exec-4] DEBUG sang.uaa.com.vn.config.interceptor.AbstractInterceptor - Exit Service Method: sang.uaa.com.vn.service.impl.RoleServiceImpl.getRoleById() with result = RoleDto(id=10, name=ROLE_ADMIN)
21:44:04.788 [http-nio-9999-exec-4] DEBUG sang.uaa.com.vn.config.interceptor.AbstractInterceptor - Exit Controller Method: sang.uaa.com.vn.controller.RoleController.getRoleById() with result = <200 OK OK,sang.uaa.com.vn.common.ResponJson@59357a0,[]>
21:52:06.854 [main] DEBUG org.springframework.boot.StartupInfoLogger - Running with Spring Boot v2.3.1.RELEASE, Spring v5.2.7.RELEASE
21:52:11.056 [main] DEBUG org.springframework.web.filter.GenericFilterBean - Filter 'jwtRequestFilter' configured for use
21:52:24.125 [http-nio-9999-exec-1] DEBUG sang.uaa.com.vn.config.interceptor.AbstractInterceptor - Start Service Method: sang.uaa.com.vn.service.impl.UserServiceImpl.loadUserByUsername() with argument[s] = [thoa]
21:52:24.195 [http-nio-9999-exec-1] DEBUG sang.uaa.com.vn.config.interceptor.AbstractInterceptor - Exit Service Method: sang.uaa.com.vn.service.impl.UserServiceImpl.loadUserByUsername() with result = sang.uaa.com.vn.entites.Authorizer@39fb6afc
21:52:24.248 [http-nio-9999-exec-1] DEBUG sang.uaa.com.vn.config.interceptor.AbstractInterceptor - Start Controller Method: sang.uaa.com.vn.controller.RoleController.getRoleById() with argument[s] = [10]
21:52:24.255 [http-nio-9999-exec-1] DEBUG sang.uaa.com.vn.config.interceptor.AbstractInterceptor - Start Service Method: sang.uaa.com.vn.service.impl.RoleServiceImpl.getRoleById() with argument[s] = [10]
21:52:24.343 [http-nio-9999-exec-1] DEBUG sang.uaa.com.vn.config.interceptor.AbstractInterceptor - Exit Service Method: sang.uaa.com.vn.service.impl.RoleServiceImpl.getRoleById() with result = RoleDto(id=10, name=ROLE_ADMIN)
21:52:24.349 [http-nio-9999-exec-1] DEBUG sang.uaa.com.vn.config.interceptor.AbstractInterceptor - Exit Controller Method: sang.uaa.com.vn.controller.RoleController.getRoleById() with result = <200 OK OK,sang.uaa.com.vn.common.ResponJson@4796aa9e,[]>
21:55:52.311 [main] DEBUG org.springframework.boot.StartupInfoLogger - Running with Spring Boot v2.3.1.RELEASE, Spring v5.2.7.RELEASE
21:55:56.434 [main] DEBUG org.springframework.web.filter.GenericFilterBean - Filter 'jwtRequestFilter' configured for use
21:56:11.034 [http-nio-9999-exec-1] DEBUG sang.uaa.com.vn.config.interceptor.AbstractInterceptor - Start Service Method: sang.uaa.com.vn.service.impl.UserServiceImpl.loadUserByUsername() with argument[s] = [thoa]
21:56:11.148 [http-nio-9999-exec-1] DEBUG sang.uaa.com.vn.config.interceptor.AbstractInterceptor - Exit Service Method: sang.uaa.com.vn.service.impl.UserServiceImpl.loadUserByUsername() with result = sang.uaa.com.vn.entites.Authorizer@2eb9d730
21:56:11.244 [http-nio-9999-exec-1] DEBUG sang.uaa.com.vn.config.interceptor.AbstractInterceptor - Start Controller Method: sang.uaa.com.vn.controller.RoleController.getRoleById() with argument[s] = [10]
21:56:11.253 [http-nio-9999-exec-1] DEBUG sang.uaa.com.vn.config.interceptor.AbstractInterceptor - Start Service Method: sang.uaa.com.vn.service.impl.RoleServiceImpl.getRoleById() with argument[s] = [10]
21:56:11.378 [http-nio-9999-exec-1] DEBUG sang.uaa.com.vn.config.interceptor.AbstractInterceptor - Exit Service Method: sang.uaa.com.vn.service.impl.RoleServiceImpl.getRoleById() with result = RoleDto(id=10, name=ROLE_ADMIN)
21:56:11.386 [http-nio-9999-exec-1] DEBUG sang.uaa.com.vn.config.interceptor.AbstractInterceptor - Exit Controller Method: sang.uaa.com.vn.controller.RoleController.getRoleById() with result = <200 OK OK,sang.uaa.com.vn.common.ResponJson@78b5cdc2,[]>
